<?xml version="1.0" encoding="UTF-8"?>
<testsuite name="Login" tests="1" skipped="0" failures="0" errors="0" timestamp="2021-02-23T19:48:32" hostname="22LAP5CG0434XBS" time="54.922">
  <properties/>
  <testcase name="Inicio de sesión exitoso" classname="Login" time="54.922"/>
  <system-out><![CDATA[14:48:33.128 [Test worker] DEBUG net.thucydides.core.webdriver.appium.AppiumConfiguration - The provided context (appium) could not be used as the MobilePlatform
14:48:34.041 [Test worker] DEBUG net.thucydides.core.reflection.ClassFinder - Could not load class net.serenitybdd.rest.utils.RestSpecificationFactory
14:48:54.213 [Test worker] DEBUG net.serenitybdd.core.photography.Darkroom - Opening darkroom
14:48:54.216 [Darkroom Processing Line] DEBUG net.serenitybdd.core.photography.DarkroomProcessingLine - Darkroom processing line starting up
14:48:55.051 [Test worker] DEBUG net.serenitybdd.core.photography.Darkroom - Send negative for processing for D:\SP Tigo\target\site\serenity\7019c1af3a985f3ec96495aaa289179215d01129473334fdb85fbfd4a77fd40a.png
14:48:55.053 [Darkroom Processing Line] DEBUG net.serenitybdd.core.photography.DarkroomProcessingLine - Processing screenshot image in /var/screenshots/screenshot-13363772398323832790
14:48:55.053 [Test worker] DEBUG net.thucydides.core.steps.StepInterceptor - STARTING STEP: LoginSteps.elUsuarioRegistradoAbreLaApp - {0} selecciona Actualizar - Ahora no
14:48:55.053 [Darkroom Processing Line] DEBUG net.serenitybdd.core.photography.DarkroomProcessingLine - Saving screenshot to D:\SP Tigo\target\site\serenity\7019c1af3a985f3ec96495aaa289179215d01129473334fdb85fbfd4a77fd40a.png
14:48:55.074 [Test worker] DEBUG net.thucydides.core.steps.StepInterceptor - STARTING STEP: Quitar.performAs - {0} espera por la lista de lineas
14:48:55.090 [Test worker] DEBUG net.thucydides.core.steps.StepInterceptor - STEP DONE: {0} espera por la lista de lineas
14:48:55.097 [Test worker] DEBUG net.serenitybdd.screenplay.targets.IFrameSwitcher - default content already selected for Boton ahora no
14:49:06.709 [Test worker] DEBUG net.serenitybdd.core.photography.Darkroom - Send negative for processing for D:\SP Tigo\target\site\serenity\612dde01a211943d1f2eee26e307e0d397ea6e1c64a1f3985bb7a993bf413f60.png
14:49:06.710 [Test worker] DEBUG net.thucydides.core.steps.StepInterceptor - STEP DONE: {0} selecciona Actualizar - Ahora no
14:49:06.712 [Darkroom Processing Line] DEBUG net.serenitybdd.core.photography.DarkroomProcessingLine - Processing screenshot image in /var/screenshots/screenshot-12276005982074634784
14:49:06.712 [Darkroom Processing Line] DEBUG net.serenitybdd.core.photography.DarkroomProcessingLine - Saving screenshot to D:\SP Tigo\target\site\serenity\612dde01a211943d1f2eee26e307e0d397ea6e1c64a1f3985bb7a993bf413f60.png
14:49:07.594 [Test worker] DEBUG net.serenitybdd.core.photography.Darkroom - Send negative for processing for D:\SP Tigo\target\site\serenity\612dde01a211943d1f2eee26e307e0d397ea6e1c64a1f3985bb7a993bf413f60.png
14:49:07.594 [Test worker] DEBUG net.thucydides.core.steps.StepInterceptor - STARTING STEP: LoginSteps.elIniciaSesionEnLaAppPorMedioDelCorreoElectronico - {0} inicia sesion en la app con el usuario #usuario y la contrasenia #contrasenia
14:49:08.471 [Test worker] DEBUG net.serenitybdd.core.photography.Darkroom - Send negative for processing for D:\SP Tigo\target\site\serenity\7a324c1b7321a31e24832d80bb17b294078fa7673fb6dbd80baa2c6fa24db1ab.png
14:49:08.472 [Test worker] DEBUG net.thucydides.core.steps.StepInterceptor - STARTING STEP: IniciarSesion.performAs - {0} clicks on #target
14:49:08.473 [Darkroom Processing Line] DEBUG net.serenitybdd.core.photography.DarkroomProcessingLine - Processing screenshot image in /var/screenshots/screenshot-17082718082789190641
14:49:08.474 [Test worker] DEBUG net.serenitybdd.screenplay.targets.IFrameSwitcher - default content already selected for Boton ingresar con correo
14:49:08.474 [Darkroom Processing Line] DEBUG net.serenitybdd.core.photography.DarkroomProcessingLine - Saving screenshot to D:\SP Tigo\target\site\serenity\7a324c1b7321a31e24832d80bb17b294078fa7673fb6dbd80baa2c6fa24db1ab.png
14:49:09.769 [Test worker] DEBUG net.serenitybdd.core.photography.Darkroom - Send negative for processing for D:\SP Tigo\target\site\serenity\2f6cfad1ea4048ee3283c2a08dc6e0b241faba1ebb5cca93d0e3d91412f64e7a.png
14:49:09.770 [Test worker] DEBUG net.thucydides.core.steps.StepInterceptor - STEP DONE: {0} clicks on #target
14:49:09.773 [Darkroom Processing Line] DEBUG net.serenitybdd.core.photography.DarkroomProcessingLine - Processing screenshot image in /var/screenshots/screenshot-1471428777706128635
14:49:09.774 [Darkroom Processing Line] DEBUG net.serenitybdd.core.photography.DarkroomProcessingLine - Saving screenshot to D:\SP Tigo\target\site\serenity\2f6cfad1ea4048ee3283c2a08dc6e0b241faba1ebb5cca93d0e3d91412f64e7a.png
14:49:09.785 [Test worker] DEBUG net.thucydides.core.steps.StepInterceptor - STARTING STEP: IniciarSesion.performAs - {0} enters #theTextAsAString into #target
14:49:09.787 [Test worker] DEBUG net.serenitybdd.screenplay.targets.IFrameSwitcher - default content already selected for Campo correo
14:49:11.860 [Test worker] DEBUG net.serenitybdd.core.photography.Darkroom - Send negative for processing for D:\SP Tigo\target\site\serenity\f51544053c0bdf8763f8cdaffad491cb9bd72db62cf24a8c998dcea16a8dae00.png
14:49:11.861 [Test worker] DEBUG net.thucydides.core.steps.StepInterceptor - STEP DONE: {0} enters #theTextAsAString into #target
14:49:11.862 [Darkroom Processing Line] DEBUG net.serenitybdd.core.photography.DarkroomProcessingLine - Processing screenshot image in /var/screenshots/screenshot-12566924075100068157
14:49:11.862 [Darkroom Processing Line] DEBUG net.serenitybdd.core.photography.DarkroomProcessingLine - Saving screenshot to D:\SP Tigo\target\site\serenity\f51544053c0bdf8763f8cdaffad491cb9bd72db62cf24a8c998dcea16a8dae00.png
14:49:11.877 [Test worker] DEBUG net.thucydides.core.steps.StepInterceptor - STARTING STEP: IniciarSesion.performAs - {0} clicks on #target
14:49:11.878 [Test worker] DEBUG net.serenitybdd.screenplay.targets.IFrameSwitcher - default content already selected for editText correo
14:49:13.111 [Test worker] DEBUG net.serenitybdd.core.photography.Darkroom - Send negative for processing for D:\SP Tigo\target\site\serenity\f51544053c0bdf8763f8cdaffad491cb9bd72db62cf24a8c998dcea16a8dae00.png
14:49:13.112 [Test worker] DEBUG net.thucydides.core.steps.StepInterceptor - STEP DONE: {0} clicks on #target
14:49:13.126 [Test worker] DEBUG net.thucydides.core.steps.StepInterceptor - STARTING STEP: IniciarSesion.performAs - {0} enters #theTextAsAString into #target
14:49:13.127 [Test worker] DEBUG net.serenitybdd.screenplay.targets.IFrameSwitcher - default content already selected for editText correo
14:49:15.579 [Test worker] DEBUG net.serenitybdd.core.photography.Darkroom - Send negative for processing for D:\SP Tigo\target\site\serenity\336a93031ef9f505440587a8d288fba79cadaf1e6f7a3d0491ab4acc4d58095a.png
14:49:15.580 [Test worker] DEBUG net.thucydides.core.steps.StepInterceptor - STEP DONE: {0} enters #theTextAsAString into #target
14:49:15.581 [Darkroom Processing Line] DEBUG net.serenitybdd.core.photography.DarkroomProcessingLine - Processing screenshot image in /var/screenshots/screenshot-6290777102590671301
14:49:15.581 [Darkroom Processing Line] DEBUG net.serenitybdd.core.photography.DarkroomProcessingLine - Saving screenshot to D:\SP Tigo\target\site\serenity\336a93031ef9f505440587a8d288fba79cadaf1e6f7a3d0491ab4acc4d58095a.png
14:49:15.592 [Test worker] DEBUG net.thucydides.core.steps.StepInterceptor - STARTING STEP: IniciarSesion.performAs - {0} clicks on #target
14:49:15.593 [Test worker] DEBUG net.serenitybdd.screenplay.targets.IFrameSwitcher - default content already selected for editText correo
14:49:16.831 [Test worker] DEBUG net.serenitybdd.core.photography.Darkroom - Send negative for processing for D:\SP Tigo\target\site\serenity\768fff29d6704fd277ef5c5b233100d1dac04f1931a69854b211d3a22cce3f00.png
14:49:16.831 [Test worker] DEBUG net.thucydides.core.steps.StepInterceptor - STEP DONE: {0} clicks on #target
14:49:16.833 [Darkroom Processing Line] DEBUG net.serenitybdd.core.photography.DarkroomProcessingLine - Processing screenshot image in /var/screenshots/screenshot-13226996971666753396
14:49:16.833 [Darkroom Processing Line] DEBUG net.serenitybdd.core.photography.DarkroomProcessingLine - Saving screenshot to D:\SP Tigo\target\site\serenity\768fff29d6704fd277ef5c5b233100d1dac04f1931a69854b211d3a22cce3f00.png
14:49:16.842 [Test worker] DEBUG net.thucydides.core.steps.StepInterceptor - STEP DONE: {0} inicia sesion en la app con el usuario #usuario y la contrasenia #contrasenia
14:49:17.621 [Test worker] DEBUG net.serenitybdd.core.photography.Darkroom - Send negative for processing for D:\SP Tigo\target\site\serenity\7885125e548a74cc19627f0ae51b5df64c60928e32fe3c9f73bddec942d1ae0e.png
14:49:17.622 [Test worker] DEBUG net.thucydides.core.steps.StepInterceptor - STARTING STEP: LoginSteps.ElSeleccionaLaLinea - {0} selecciona del listado la linea #linea
14:49:17.623 [Darkroom Processing Line] DEBUG net.serenitybdd.core.photography.DarkroomProcessingLine - Processing screenshot image in /var/screenshots/screenshot-2628719099940216830
14:49:17.623 [Darkroom Processing Line] DEBUG net.serenitybdd.core.photography.DarkroomProcessingLine - Saving screenshot to D:\SP Tigo\target\site\serenity\7885125e548a74cc19627f0ae51b5df64c60928e32fe3c9f73bddec942d1ae0e.png
14:49:17.639 [Test worker] DEBUG net.thucydides.core.steps.StepInterceptor - STARTING STEP: Selecciona.performAs - {0} espera por la lista de lineas
14:49:17.658 [Test worker] DEBUG net.thucydides.core.steps.StepInterceptor - STEP DONE: {0} espera por la lista de lineas
14:49:17.665 [Test worker] DEBUG net.serenitybdd.screenplay.targets.IFrameSwitcher - default content already selected for Listado de lineas
14:49:23.629 [Test worker] DEBUG net.serenitybdd.core.photography.Darkroom - Send negative for processing for D:\SP Tigo\target\site\serenity\81ca46536c393e5dc6733ffd83888a8e08bfc958d56a1420c3bf2cac3606f00c.png
14:49:23.629 [Test worker] DEBUG net.thucydides.core.steps.StepInterceptor - STEP DONE: {0} selecciona del listado la linea #linea
14:49:23.630 [Darkroom Processing Line] DEBUG net.serenitybdd.core.photography.DarkroomProcessingLine - Processing screenshot image in /var/screenshots/screenshot-5523137408896608722
14:49:23.631 [Darkroom Processing Line] DEBUG net.serenitybdd.core.photography.DarkroomProcessingLine - Saving screenshot to D:\SP Tigo\target\site\serenity\81ca46536c393e5dc6733ffd83888a8e08bfc958d56a1420c3bf2cac3606f00c.png
14:49:24.242 [Test worker] DEBUG net.serenitybdd.core.photography.Darkroom - Send negative for processing for D:\SP Tigo\target\site\serenity\0da76ab9137c581473f88ca2e92a9d105b1409c0379bde10260afe342561765f.png
14:49:24.243 [Darkroom Processing Line] DEBUG net.serenitybdd.core.photography.DarkroomProcessingLine - Processing screenshot image in /var/screenshots/screenshot-18307818894762864244
14:49:24.243 [Darkroom Processing Line] DEBUG net.serenitybdd.core.photography.DarkroomProcessingLine - Saving screenshot to D:\SP Tigo\target\site\serenity\0da76ab9137c581473f88ca2e92a9d105b1409c0379bde10260afe342561765f.png
14:49:24.244 [Test worker] DEBUG net.serenitybdd.screenplay.targets.IFrameSwitcher - default content already selected for Tab de opciones
14:49:25.814 [Test worker] DEBUG net.serenitybdd.core.photography.Darkroom - Send negative for processing for D:\SP Tigo\target\site\serenity\b09e3c01008a4eda1ee45e3fc0883b68300e74640adf7704092ec538f2b13eb6.png
14:49:25.816 [Darkroom Processing Line] DEBUG net.serenitybdd.core.photography.DarkroomProcessingLine - Processing screenshot image in /var/screenshots/screenshot-866942694050131013
14:49:25.816 [Darkroom Processing Line] DEBUG net.serenitybdd.core.photography.DarkroomProcessingLine - Saving screenshot to D:\SP Tigo\target\site\serenity\b09e3c01008a4eda1ee45e3fc0883b68300e74640adf7704092ec538f2b13eb6.png
14:49:26.020 [Test worker] DEBUG net.thucydides.core.reflection.ClassFinder - Could not load class net.serenitybdd.rest.utils.RestSpecificationFactory
14:49:27.730 [Test worker] INFO net.thucydides.core.steps.ConsoleLoggingListener - 
        __    _____ _____ ____ _____   ____   _    ____  ____  _____ ____  
  _     \ \  |_   _| ____/ ___|_   _| |  _ \ / \  / ___|/ ___|| ____|  _ \ 
 (_)_____| |   | | |  _| \___ \ | |   | |_) / _ \ \___ \\___ \|  _| | | | |
  _|_____| |   | | | |___ ___) || |   |  __/ ___ \ ___) |___) | |___| |_| |
 (_)     | |   |_| |_____|____/ |_|   |_| /_/   \_\____/|____/|_____|____/ 
        /_/                                                                

TEST PASSED: Inicio de sesión exitoso
----------------------------------------------------------------------------
]]></system-out>
  <system-err><![CDATA[feb. 23, 2021 2:48:54 P. M. io.appium.java_client.remote.AppiumCommandExecutor$1 lambda$0
INFO: Detected dialect: W3C
]]></system-err>
</testsuite>
